{"C:\\Users\\CosminCh\\Desktop\\softbinator proj chinde cosmin\\softbinator-event-planner\\src\\globals.d.ts": {"path":"C:\\Users\\CosminCh\\Desktop\\softbinator proj chinde cosmin\\softbinator-event-planner\\src\\globals.d.ts","statementMap":{},"fnMap":{},"branchMap":{},"s":{},"f":{},"b":{}}
,"C:\\Users\\CosminCh\\Desktop\\softbinator proj chinde cosmin\\softbinator-event-planner\\src\\reportWebVitals.js": {"path":"C:\\Users\\CosminCh\\Desktop\\softbinator proj chinde cosmin\\softbinator-event-planner\\src\\reportWebVitals.js","statementMap":{"0":{"start":{"line":1,"column":24},"end":{"line":11,"column":1}},"1":{"start":{"line":2,"column":2},"end":{"line":10,"column":3}},"2":{"start":{"line":3,"column":4},"end":{"line":9,"column":7}},"3":{"start":{"line":4,"column":6},"end":{"line":4,"column":26}},"4":{"start":{"line":5,"column":6},"end":{"line":5,"column":26}},"5":{"start":{"line":6,"column":6},"end":{"line":6,"column":26}},"6":{"start":{"line":7,"column":6},"end":{"line":7,"column":26}},"7":{"start":{"line":8,"column":6},"end":{"line":8,"column":27}}},"fnMap":{"0":{"name":"(anonymous_0)","decl":{"start":{"line":1,"column":24},"end":{"line":1,"column":25}},"loc":{"start":{"line":1,"column":39},"end":{"line":11,"column":1}},"line":1},"1":{"name":"(anonymous_1)","decl":{"start":{"line":3,"column":30},"end":{"line":3,"column":31}},"loc":{"start":{"line":3,"column":79},"end":{"line":9,"column":5}},"line":3}},"branchMap":{"0":{"loc":{"start":{"line":2,"column":2},"end":{"line":10,"column":3}},"type":"if","locations":[{"start":{"line":2,"column":2},"end":{"line":10,"column":3}},{"start":{},"end":{}}],"line":2},"1":{"loc":{"start":{"line":2,"column":6},"end":{"line":2,"column":52}},"type":"binary-expr","locations":[{"start":{"line":2,"column":6},"end":{"line":2,"column":17}},{"start":{"line":2,"column":21},"end":{"line":2,"column":52}}],"line":2}},"s":{"0":0,"1":0,"2":0,"3":0,"4":0,"5":0,"6":0,"7":0},"f":{"0":0,"1":0},"b":{"0":[0,0],"1":[0,0]},"inputSourceMap":null}
,"C:\\Users\\CosminCh\\Desktop\\softbinator proj chinde cosmin\\softbinator-event-planner\\src\\__tests__\\formattersMock.js": {"path":"C:\\Users\\CosminCh\\Desktop\\softbinator proj chinde cosmin\\softbinator-event-planner\\src\\__tests__\\formattersMock.js","statementMap":{"0":{"start":{"line":1,"column":0},"end":{"line":1,"column":20}}},"fnMap":{},"branchMap":{},"s":{"0":0},"f":{},"b":{},"inputSourceMap":null}
,"C:\\Users\\CosminCh\\Desktop\\softbinator proj chinde cosmin\\softbinator-event-planner\\src\\__tests__\\styleMock.js": {"path":"C:\\Users\\CosminCh\\Desktop\\softbinator proj chinde cosmin\\softbinator-event-planner\\src\\__tests__\\styleMock.js","statementMap":{"0":{"start":{"line":1,"column":0},"end":{"line":1,"column":20}}},"fnMap":{},"branchMap":{},"s":{"0":3},"f":{},"b":{},"inputSourceMap":null,"_coverageSchema":"1a1c01bbd47fc00a2c39e90264f33305004495a9","hash":"0f4965318f52a54df705ee7022c73952118745da"}
,"C:\\Users\\CosminCh\\Desktop\\softbinator proj chinde cosmin\\softbinator-event-planner\\src\\components\\DiscoverEvents\\DiscoverEvents.component.tsx": {"path":"C:\\Users\\CosminCh\\Desktop\\softbinator proj chinde cosmin\\softbinator-event-planner\\src\\components\\DiscoverEvents\\DiscoverEvents.component.tsx","statementMap":{"0":{"start":{"line":2,"column":0},"end":{"line":2,"column":26}},"1":{"start":{"line":3,"column":0},"end":{"line":3,"column":43}},"2":{"start":{"line":4,"column":0},"end":{"line":4,"column":37}},"3":{"start":{"line":7,"column":25},"end":{"line":15,"column":2}},"4":{"start":{"line":8,"column":43},"end":{"line":8,"column":85}},"5":{"start":{"line":10,"column":21},"end":{"line":10,"column":82}},"6":{"start":{"line":17,"column":14},"end":{"line":20,"column":2}},"7":{"start":{"line":22,"column":23},"end":{"line":42,"column":1}},"8":{"start":{"line":23,"column":56},"end":{"line":23,"column":61}},"9":{"start":{"line":24,"column":2},"end":{"line":41,"column":4}},"10":{"start":{"line":30,"column":10},"end":{"line":36,"column":null}},"11":{"start":{"line":43,"column":0},"end":{"line":43,"column":30}}},"fnMap":{"0":{"name":"(anonymous_0)","decl":{"start":{"line":8,"column":33},"end":{"line":8,"column":38}},"loc":{"start":{"line":8,"column":43},"end":{"line":8,"column":85}}},"1":{"name":"(anonymous_1)","decl":{"start":{"line":10,"column":11},"end":{"line":10,"column":16}},"loc":{"start":{"line":10,"column":21},"end":{"line":10,"column":82}}},"2":{"name":"(anonymous_2)","decl":{"start":{"line":22,"column":23},"end":{"line":22,"column":24}},"loc":{"start":{"line":22,"column":54},"end":{"line":42,"column":1}}},"3":{"name":"(anonymous_3)","decl":{"start":{"line":29,"column":27},"end":{"line":29,"column":28}},"loc":{"start":{"line":30,"column":10},"end":{"line":36,"column":null}}}},"branchMap":{"0":{"loc":{"start":{"line":8,"column":43},"end":{"line":8,"column":85}},"type":"cond-expr","locations":[{"start":{"line":8,"column":72},"end":{"line":8,"column":77}},{"start":{"line":8,"column":80},"end":{"line":8,"column":85}}]},"1":{"loc":{"start":{"line":10,"column":21},"end":{"line":10,"column":82}},"type":"cond-expr","locations":[{"start":{"line":10,"column":50},"end":{"line":10,"column":56}},{"start":{"line":10,"column":59},"end":{"line":10,"column":82}}]},"2":{"loc":{"start":{"line":34,"column":21},"end":{"line":34,"column":75}},"type":"cond-expr","locations":[{"start":{"line":34,"column":54},"end":{"line":34,"column":62}},{"start":{"line":34,"column":65},"end":{"line":34,"column":75}}]}},"s":{"0":1,"1":1,"2":1,"3":1,"4":6,"5":6,"6":1,"7":1,"8":3,"9":2,"10":6,"11":1},"f":{"0":6,"1":6,"2":3,"3":6},"b":{"0":[1,5],"1":[1,5],"2":[1,5]}}
,"C:\\Users\\CosminCh\\Desktop\\softbinator proj chinde cosmin\\softbinator-event-planner\\src\\components\\EventList\\EventList.component.tsx": {"path":"C:\\Users\\CosminCh\\Desktop\\softbinator proj chinde cosmin\\softbinator-event-planner\\src\\components\\EventList\\EventList.component.tsx","statementMap":{"0":{"start":{"line":2,"column":0},"end":{"line":2,"column":26}},"1":{"start":{"line":3,"column":0},"end":{"line":3,"column":51}},"2":{"start":{"line":4,"column":0},"end":{"line":4,"column":60}},"3":{"start":{"line":5,"column":0},"end":{"line":5,"column":48}},"4":{"start":{"line":6,"column":0},"end":{"line":6,"column":32}},"5":{"start":{"line":8,"column":0},"end":{"line":8,"column":52}},"6":{"start":{"line":10,"column":24},"end":{"line":30,"column":2}},"7":{"start":{"line":32,"column":18},"end":{"line":49,"column":1}},"8":{"start":{"line":33,"column":65},"end":{"line":33,"column":70}},"9":{"start":{"line":35,"column":2},"end":{"line":48,"column":4}},"10":{"start":{"line":38,"column":8},"end":{"line":44,"column":null}},"11":{"start":{"line":41,"column":26},"end":{"line":41,"column":56}},"12":{"start":{"line":43,"column":47},"end":{"line":43,"column":65}},"13":{"start":{"line":50,"column":0},"end":{"line":50,"column":25}}},"fnMap":{"0":{"name":"(anonymous_0)","decl":{"start":{"line":32,"column":18},"end":{"line":32,"column":19}},"loc":{"start":{"line":32,"column":44},"end":{"line":49,"column":1}}},"1":{"name":"(anonymous_1)","decl":{"start":{"line":37,"column":27},"end":{"line":37,"column":32}},"loc":{"start":{"line":38,"column":8},"end":{"line":44,"column":null}}},"2":{"name":"(anonymous_2)","decl":{"start":{"line":41,"column":20},"end":{"line":41,"column":23}},"loc":{"start":{"line":41,"column":26},"end":{"line":41,"column":56}}},"3":{"name":"(anonymous_3)","decl":{"start":{"line":43,"column":41},"end":{"line":43,"column":43}},"loc":{"start":{"line":43,"column":47},"end":{"line":43,"column":65}}}},"branchMap":{"0":{"loc":{"start":{"line":43,"column":22},"end":{"line":43,"column":171}},"type":"cond-expr","locations":[{"start":{"line":43,"column":69},"end":{"line":43,"column":127}},{"start":{"line":43,"column":130},"end":{"line":43,"column":171}}]},"1":{"loc":{"start":{"line":44,"column":18},"end":{"line":44,"column":186}},"type":"cond-expr","locations":[{"start":{"line":44,"column":32},"end":{"line":44,"column":139}},{"start":{"line":44,"column":142},"end":{"line":44,"column":186}}]}},"s":{"0":1,"1":1,"2":1,"3":1,"4":1,"5":1,"6":1,"7":1,"8":4,"9":4,"10":8,"11":1,"12":2,"13":1},"f":{"0":4,"1":8,"2":1,"3":2},"b":{"0":[1,7],"1":[4,4]}}
,"C:\\Users\\CosminCh\\Desktop\\softbinator proj chinde cosmin\\softbinator-event-planner\\src\\components\\EventPlanner\\EventPlanner.component.tsx": {"path":"C:\\Users\\CosminCh\\Desktop\\softbinator proj chinde cosmin\\softbinator-event-planner\\src\\components\\EventPlanner\\EventPlanner.component.tsx","statementMap":{"0":{"start":{"line":2,"column":0},"end":{"line":2,"column":49}},"1":{"start":{"line":3,"column":0},"end":{"line":3,"column":35}},"2":{"start":{"line":5,"column":0},"end":{"line":5,"column":57}},"3":{"start":{"line":6,"column":0},"end":{"line":6,"column":72}},"4":{"start":{"line":7,"column":0},"end":{"line":7,"column":57}},"5":{"start":{"line":8,"column":0},"end":{"line":8,"column":62}},"6":{"start":{"line":9,"column":0},"end":{"line":9,"column":54}},"7":{"start":{"line":10,"column":0},"end":{"line":10,"column":64}},"8":{"start":{"line":12,"column":0},"end":{"line":12,"column":75}},"9":{"start":{"line":14,"column":21},"end":{"line":113,"column":1}},"10":{"start":{"line":15,"column":36},"end":{"line":15,"column":71}},"11":{"start":{"line":16,"column":48},"end":{"line":16,"column":83}},"12":{"start":{"line":17,"column":36},"end":{"line":17,"column":69}},"13":{"start":{"line":19,"column":44},"end":{"line":19,"column":56}},"14":{"start":{"line":20,"column":44},"end":{"line":20,"column":56}},"15":{"start":{"line":22,"column":44},"end":{"line":22,"column":56}},"16":{"start":{"line":23,"column":30},"end":{"line":23,"column":45}},"17":{"start":{"line":25,"column":2},"end":{"line":28,"column":9}},"18":{"start":{"line":26,"column":4},"end":{"line":26,"column":29}},"19":{"start":{"line":27,"column":4},"end":{"line":27,"column":35}},"20":{"start":{"line":31,"column":2},"end":{"line":36,"column":18}},"21":{"start":{"line":32,"column":4},"end":{"line":35,"column":null}},"22":{"start":{"line":33,"column":22},"end":{"line":33,"column":43}},"23":{"start":{"line":34,"column":6},"end":{"line":34,"column":32}},"24":{"start":{"line":39,"column":2},"end":{"line":41,"column":33}},"25":{"start":{"line":40,"column":4},"end":{"line":40,"column":66}},"26":{"start":{"line":40,"column":36},"end":{"line":40,"column":66}},"27":{"start":{"line":43,"column":2},"end":{"line":45,"column":22}},"28":{"start":{"line":44,"column":4},"end":{"line":44,"column":47}},"29":{"start":{"line":44,"column":30},"end":{"line":44,"column":47}},"30":{"start":{"line":47,"column":2},"end":{"line":51,"column":22}},"31":{"start":{"line":48,"column":28},"end":{"line":48,"column":55}},"32":{"start":{"line":50,"column":4},"end":{"line":50,"column":55}},"33":{"start":{"line":50,"column":25},"end":{"line":50,"column":55}},"34":{"start":{"line":53,"column":31},"end":{"line":65,"column":3}},"35":{"start":{"line":54,"column":25},"end":{"line":54,"column":63}},"36":{"start":{"line":54,"column":50},"end":{"line":54,"column":62}},"37":{"start":{"line":55,"column":29},"end":{"line":55,"column":87}},"38":{"start":{"line":55,"column":74},"end":{"line":55,"column":86}},"39":{"start":{"line":56,"column":29},"end":{"line":56,"column":47}},"40":{"start":{"line":58,"column":4},"end":{"line":62,"column":null}},"41":{"start":{"line":59,"column":6},"end":{"line":59,"column":73}},"42":{"start":{"line":61,"column":6},"end":{"line":61,"column":46}},"43":{"start":{"line":64,"column":4},"end":{"line":64,"column":44}},"44":{"start":{"line":66,"column":28},"end":{"line":87,"column":3}},"45":{"start":{"line":67,"column":23},"end":{"line":67,"column":47}},"46":{"start":{"line":68,"column":29},"end":{"line":68,"column":47}},"47":{"start":{"line":69,"column":29},"end":{"line":69,"column":49}},"48":{"start":{"line":70,"column":4},"end":{"line":84,"column":null}},"49":{"start":{"line":72,"column":24},"end":{"line":72,"column":114}},"50":{"start":{"line":72,"column":75},"end":{"line":72,"column":113}},"51":{"start":{"line":73,"column":6},"end":{"line":73,"column":68}},"52":{"start":{"line":74,"column":6},"end":{"line":74,"column":37}},"53":{"start":{"line":77,"column":6},"end":{"line":77,"column":40}},"54":{"start":{"line":78,"column":35},"end":{"line":78,"column":112}},"55":{"start":{"line":78,"column":76},"end":{"line":78,"column":111}},"56":{"start":{"line":79,"column":6},"end":{"line":79,"column":53}},"57":{"start":{"line":80,"column":6},"end":{"line":83,"column":9}},"58":{"start":{"line":81,"column":19},"end":{"line":81,"column":100}},"59":{"start":{"line":81,"column":64},"end":{"line":81,"column":99}},"60":{"start":{"line":82,"column":8},"end":{"line":82,"column":39}},"61":{"start":{"line":85,"column":4},"end":{"line":85,"column":57}},"62":{"start":{"line":86,"column":4},"end":{"line":86,"column":53}},"63":{"start":{"line":89,"column":30},"end":{"line":91,"column":3}},"64":{"start":{"line":90,"column":4},"end":{"line":90,"column":23}},"65":{"start":{"line":101,"column":27},"end":{"line":101,"column":56}},"66":{"start":{"line":103,"column":2},"end":{"line":112,"column":4}},"67":{"start":{"line":115,"column":0},"end":{"line":115,"column":28}}},"fnMap":{"0":{"name":"(anonymous_0)","decl":{"start":{"line":14,"column":21},"end":{"line":14,"column":24}},"loc":{"start":{"line":14,"column":26},"end":{"line":113,"column":1}}},"1":{"name":"(anonymous_1)","decl":{"start":{"line":25,"column":12},"end":{"line":25,"column":15}},"loc":{"start":{"line":25,"column":17},"end":{"line":28,"column":3}}},"2":{"name":"(anonymous_2)","decl":{"start":{"line":31,"column":12},"end":{"line":31,"column":15}},"loc":{"start":{"line":31,"column":17},"end":{"line":36,"column":3}}},"3":{"name":"(anonymous_3)","decl":{"start":{"line":39,"column":12},"end":{"line":39,"column":15}},"loc":{"start":{"line":39,"column":17},"end":{"line":41,"column":3}}},"4":{"name":"(anonymous_4)","decl":{"start":{"line":43,"column":12},"end":{"line":43,"column":15}},"loc":{"start":{"line":43,"column":17},"end":{"line":45,"column":3}}},"5":{"name":"(anonymous_5)","decl":{"start":{"line":47,"column":12},"end":{"line":47,"column":15}},"loc":{"start":{"line":47,"column":17},"end":{"line":51,"column":3}}},"6":{"name":"(anonymous_6)","decl":{"start":{"line":53,"column":31},"end":{"line":53,"column":32}},"loc":{"start":{"line":53,"column":46},"end":{"line":65,"column":3}}},"7":{"name":"(anonymous_7)","decl":{"start":{"line":54,"column":44},"end":{"line":54,"column":46}},"loc":{"start":{"line":54,"column":50},"end":{"line":54,"column":62}}},"8":{"name":"(anonymous_8)","decl":{"start":{"line":55,"column":50},"end":{"line":55,"column":51}},"loc":{"start":{"line":55,"column":74},"end":{"line":55,"column":86}}},"9":{"name":"(anonymous_9)","decl":{"start":{"line":66,"column":28},"end":{"line":66,"column":29}},"loc":{"start":{"line":66,"column":43},"end":{"line":87,"column":3}}},"10":{"name":"(anonymous_10)","decl":{"start":{"line":72,"column":48},"end":{"line":72,"column":49}},"loc":{"start":{"line":72,"column":75},"end":{"line":72,"column":113}}},"11":{"name":"(anonymous_11)","decl":{"start":{"line":78,"column":52},"end":{"line":78,"column":53}},"loc":{"start":{"line":78,"column":76},"end":{"line":78,"column":111}}},"12":{"name":"(anonymous_12)","decl":{"start":{"line":80,"column":28},"end":{"line":80,"column":29}},"loc":{"start":{"line":80,"column":47},"end":{"line":83,"column":7}}},"13":{"name":"(anonymous_13)","decl":{"start":{"line":81,"column":36},"end":{"line":81,"column":37}},"loc":{"start":{"line":81,"column":64},"end":{"line":81,"column":99}}},"14":{"name":"(anonymous_14)","decl":{"start":{"line":89,"column":30},"end":{"line":89,"column":33}},"loc":{"start":{"line":89,"column":35},"end":{"line":91,"column":3}}}},"branchMap":{"0":{"loc":{"start":{"line":32,"column":4},"end":{"line":35,"column":null}},"type":"if","locations":[{"start":{"line":32,"column":4},"end":{"line":35,"column":null}}]},"1":{"loc":{"start":{"line":40,"column":4},"end":{"line":40,"column":66}},"type":"if","locations":[{"start":{"line":40,"column":4},"end":{"line":40,"column":66}}]},"2":{"loc":{"start":{"line":44,"column":4},"end":{"line":44,"column":47}},"type":"if","locations":[{"start":{"line":44,"column":4},"end":{"line":44,"column":47}}]},"3":{"loc":{"start":{"line":50,"column":4},"end":{"line":50,"column":55}},"type":"if","locations":[{"start":{"line":50,"column":4},"end":{"line":50,"column":55}}]},"4":{"loc":{"start":{"line":58,"column":4},"end":{"line":62,"column":null}},"type":"if","locations":[{"start":{"line":58,"column":4},"end":{"line":62,"column":null}},{"start":{"line":60,"column":11},"end":{"line":62,"column":null}}]},"5":{"loc":{"start":{"line":70,"column":4},"end":{"line":84,"column":null}},"type":"if","locations":[{"start":{"line":70,"column":4},"end":{"line":84,"column":null}},{"start":{"line":75,"column":11},"end":{"line":84,"column":null}}]},"6":{"loc":{"start":{"line":106,"column":7},"end":{"line":106,"column":76}},"type":"cond-expr","locations":[{"start":{"line":106,"column":26},"end":{"line":106,"column":54}},{"start":{"line":106,"column":57},"end":{"line":106,"column":76}}]}},"s":{"0":0,"1":0,"2":0,"3":0,"4":0,"5":0,"6":0,"7":0,"8":0,"9":0,"10":0,"11":0,"12":0,"13":0,"14":0,"15":0,"16":0,"17":0,"18":0,"19":0,"20":0,"21":0,"22":0,"23":0,"24":0,"25":0,"26":0,"27":0,"28":0,"29":0,"30":0,"31":0,"32":0,"33":0,"34":0,"35":0,"36":0,"37":0,"38":0,"39":0,"40":0,"41":0,"42":0,"43":0,"44":0,"45":0,"46":0,"47":0,"48":0,"49":0,"50":0,"51":0,"52":0,"53":0,"54":0,"55":0,"56":0,"57":0,"58":0,"59":0,"60":0,"61":0,"62":0,"63":0,"64":0,"65":0,"66":0,"67":0},"f":{"0":0,"1":0,"2":0,"3":0,"4":0,"5":0,"6":0,"7":0,"8":0,"9":0,"10":0,"11":0,"12":0,"13":0,"14":0},"b":{"0":[0],"1":[0],"2":[0],"3":[0],"4":[0,0],"5":[0,0],"6":[0,0]}}
,"C:\\Users\\CosminCh\\Desktop\\softbinator proj chinde cosmin\\softbinator-event-planner\\src\\components\\EventPlanner\\EventPlannerTitle.component.tsx": {"path":"C:\\Users\\CosminCh\\Desktop\\softbinator proj chinde cosmin\\softbinator-event-planner\\src\\components\\EventPlanner\\EventPlannerTitle.component.tsx","statementMap":{"0":{"start":{"line":2,"column":0},"end":{"line":2,"column":26}},"1":{"start":{"line":3,"column":0},"end":{"line":3,"column":42}},"2":{"start":{"line":5,"column":0},"end":{"line":5,"column":37}},"3":{"start":{"line":7,"column":25},"end":{"line":52,"column":3}},"4":{"start":{"line":7,"column":54},"end":{"line":52,"column":2}},"5":{"start":{"line":54,"column":26},"end":{"line":65,"column":1}},"6":{"start":{"line":55,"column":40},"end":{"line":55,"column":45}},"7":{"start":{"line":57,"column":2},"end":{"line":64,"column":4}},"8":{"start":{"line":67,"column":0},"end":{"line":67,"column":33}}},"fnMap":{"0":{"name":"(anonymous_0)","decl":{"start":{"line":7,"column":40},"end":{"line":7,"column":41}},"loc":{"start":{"line":7,"column":54},"end":{"line":52,"column":2}}},"1":{"name":"(anonymous_1)","decl":{"start":{"line":54,"column":26},"end":{"line":54,"column":27}},"loc":{"start":{"line":54,"column":60},"end":{"line":65,"column":1}}}},"branchMap":{"0":{"loc":{"start":{"line":25,"column":25},"end":{"line":25,"column":78}},"type":"cond-expr","locations":[{"start":{"line":25,"column":57},"end":{"line":25,"column":66}},{"start":{"line":25,"column":69},"end":{"line":25,"column":78}}]},"1":{"loc":{"start":{"line":30,"column":21},"end":{"line":30,"column":74}},"type":"cond-expr","locations":[{"start":{"line":30,"column":53},"end":{"line":30,"column":62}},{"start":{"line":30,"column":65},"end":{"line":30,"column":74}}]},"2":{"loc":{"start":{"line":49,"column":21},"end":{"line":49,"column":74}},"type":"cond-expr","locations":[{"start":{"line":49,"column":53},"end":{"line":49,"column":62}},{"start":{"line":49,"column":65},"end":{"line":49,"column":74}}]}},"s":{"0":0,"1":0,"2":0,"3":0,"4":0,"5":0,"6":0,"7":0,"8":0},"f":{"0":0,"1":0},"b":{"0":[0,0],"1":[0,0],"2":[0,0]}}
,"C:\\Users\\CosminCh\\Desktop\\softbinator proj chinde cosmin\\softbinator-event-planner\\src\\components\\NextEvent\\NextEvent.component.tsx": {"path":"C:\\Users\\CosminCh\\Desktop\\softbinator proj chinde cosmin\\softbinator-event-planner\\src\\components\\NextEvent\\NextEvent.component.tsx","statementMap":{"0":{"start":{"line":2,"column":0},"end":{"line":2,"column":26}},"1":{"start":{"line":3,"column":0},"end":{"line":3,"column":51}},"2":{"start":{"line":4,"column":0},"end":{"line":4,"column":32}},"3":{"start":{"line":6,"column":0},"end":{"line":6,"column":50}},"4":{"start":{"line":8,"column":23},"end":{"line":16,"column":2}},"5":{"start":{"line":18,"column":14},"end":{"line":20,"column":2}},"6":{"start":{"line":22,"column":18},"end":{"line":42,"column":1}},"7":{"start":{"line":23,"column":49},"end":{"line":23,"column":54}},"8":{"start":{"line":25,"column":2},"end":{"line":41,"column":4}},"9":{"start":{"line":43,"column":0},"end":{"line":43,"column":25}}},"fnMap":{"0":{"name":"(anonymous_0)","decl":{"start":{"line":22,"column":18},"end":{"line":22,"column":19}},"loc":{"start":{"line":22,"column":44},"end":{"line":42,"column":1}}}},"branchMap":{"0":{"loc":{"start":{"line":38,"column":31},"end":{"line":38,"column":69}},"type":"cond-expr","locations":[{"start":{"line":38,"column":43},"end":{"line":38,"column":64}},{"start":{"line":38,"column":67},"end":{"line":38,"column":69}}]}},"s":{"0":1,"1":1,"2":1,"3":1,"4":1,"5":1,"6":1,"7":1,"8":1,"9":1},"f":{"0":1},"b":{"0":[1,0]}}
,"C:\\Users\\CosminCh\\Desktop\\softbinator proj chinde cosmin\\softbinator-event-planner\\src\\components\\NoSubscriptions\\NoSubscriptions.component.tsx": {"path":"C:\\Users\\CosminCh\\Desktop\\softbinator proj chinde cosmin\\softbinator-event-planner\\src\\components\\NoSubscriptions\\NoSubscriptions.component.tsx","statementMap":{"0":{"start":{"line":2,"column":0},"end":{"line":2,"column":26}},"1":{"start":{"line":4,"column":24},"end":{"line":6,"column":1}},"2":{"start":{"line":5,"column":2},"end":{"line":5,"column":97}},"3":{"start":{"line":7,"column":0},"end":{"line":7,"column":31}}},"fnMap":{"0":{"name":"(anonymous_0)","decl":{"start":{"line":4,"column":24},"end":{"line":4,"column":27}},"loc":{"start":{"line":4,"column":29},"end":{"line":6,"column":1}}}},"branchMap":{},"s":{"0":1,"1":1,"2":1,"3":1},"f":{"0":1},"b":{}}
,"C:\\Users\\CosminCh\\Desktop\\softbinator proj chinde cosmin\\softbinator-event-planner\\src\\utils\\formatters.tsx": {"path":"C:\\Users\\CosminCh\\Desktop\\softbinator proj chinde cosmin\\softbinator-event-planner\\src\\utils\\formatters.tsx","statementMap":{"0":{"start":{"line":2,"column":0},"end":{"line":2,"column":43}},"1":{"start":{"line":4,"column":28},"end":{"line":8,"column":1}},"2":{"start":{"line":5,"column":16},"end":{"line":5,"column":39}},"3":{"start":{"line":7,"column":2},"end":{"line":7,"column":26}},"4":{"start":{"line":4,"column":13},"end":{"line":4,"column":28}},"5":{"start":{"line":10,"column":26},"end":{"line":18,"column":1}},"6":{"start":{"line":11,"column":18},"end":{"line":11,"column":20}},"7":{"start":{"line":13,"column":2},"end":{"line":15,"column":5}},"8":{"start":{"line":14,"column":4},"end":{"line":14,"column":38}},"9":{"start":{"line":17,"column":2},"end":{"line":17,"column":31}},"10":{"start":{"line":10,"column":13},"end":{"line":10,"column":26}},"11":{"start":{"line":20,"column":26},"end":{"line":25,"column":1}},"12":{"start":{"line":21,"column":18},"end":{"line":21,"column":32}},"13":{"start":{"line":22,"column":24},"end":{"line":22,"column":54}},"14":{"start":{"line":24,"column":2},"end":{"line":24,"column":23}},"15":{"start":{"line":20,"column":13},"end":{"line":20,"column":26}},"16":{"start":{"line":27,"column":28},"end":{"line":40,"column":1}},"17":{"start":{"line":28,"column":16},"end":{"line":28,"column":26}},"18":{"start":{"line":29,"column":14},"end":{"line":29,"column":16}},"19":{"start":{"line":30,"column":20},"end":{"line":30,"column":30}},"20":{"start":{"line":31,"column":18},"end":{"line":31,"column":20}},"21":{"start":{"line":33,"column":2},"end":{"line":37,"column":null}},"22":{"start":{"line":34,"column":4},"end":{"line":34,"column":60}},"23":{"start":{"line":34,"column":36},"end":{"line":34,"column":58}},"24":{"start":{"line":35,"column":4},"end":{"line":35,"column":42}},"25":{"start":{"line":36,"column":4},"end":{"line":36,"column":101}},"26":{"start":{"line":36,"column":41},"end":{"line":36,"column":99}},"27":{"start":{"line":39,"column":2},"end":{"line":39,"column":19}},"28":{"start":{"line":27,"column":13},"end":{"line":27,"column":28}}},"fnMap":{"0":{"name":"(anonymous_0)","decl":{"start":{"line":4,"column":28},"end":{"line":4,"column":29}},"loc":{"start":{"line":4,"column":47},"end":{"line":8,"column":1}}},"1":{"name":"(anonymous_1)","decl":{"start":{"line":10,"column":26},"end":{"line":10,"column":27}},"loc":{"start":{"line":10,"column":58},"end":{"line":18,"column":1}}},"2":{"name":"(anonymous_2)","decl":{"start":{"line":13,"column":20},"end":{"line":13,"column":21}},"loc":{"start":{"line":13,"column":46},"end":{"line":15,"column":3}}},"3":{"name":"(anonymous_3)","decl":{"start":{"line":20,"column":26},"end":{"line":20,"column":27}},"loc":{"start":{"line":20,"column":43},"end":{"line":25,"column":1}}},"4":{"name":"(anonymous_4)","decl":{"start":{"line":27,"column":28},"end":{"line":27,"column":29}},"loc":{"start":{"line":27,"column":64},"end":{"line":40,"column":1}}},"5":{"name":"(anonymous_5)","decl":{"start":{"line":34,"column":30},"end":{"line":34,"column":32}},"loc":{"start":{"line":34,"column":36},"end":{"line":34,"column":58}}},"6":{"name":"(anonymous_6)","decl":{"start":{"line":36,"column":35},"end":{"line":36,"column":37}},"loc":{"start":{"line":36,"column":41},"end":{"line":36,"column":99}}}},"branchMap":{"0":{"loc":{"start":{"line":33,"column":2},"end":{"line":37,"column":null}},"type":"if","locations":[{"start":{"line":33,"column":2},"end":{"line":37,"column":null}}]}},"s":{"0":2,"1":2,"2":4,"3":4,"4":2,"5":2,"6":0,"7":0,"8":0,"9":0,"10":2,"11":2,"12":1,"13":1,"14":1,"15":2,"16":2,"17":0,"18":0,"19":0,"20":0,"21":0,"22":0,"23":0,"24":0,"25":0,"26":0,"27":0,"28":2},"f":{"0":4,"1":0,"2":0,"3":1,"4":0,"5":0,"6":0},"b":{"0":[0]}}
}
